c:\users\mageba\source\repos\221026899_mnguni_c\221026899_mnguni_c\x64\debug\vc143.pdb
c:\users\mageba\source\repos\221026899_mnguni_c\221026899_mnguni_c\x64\debug\vc143.idb
c:\users\mageba\source\repos\221026899_mnguni_c\221026899_mnguni_c\x64\debug\ques1_6.obj
c:\users\mageba\source\repos\221026899_mnguni_c\221026899_mnguni_c\x64\debug\ques1_5.obj
c:\users\mageba\source\repos\221026899_mnguni_c\221026899_mnguni_c\x64\debug\ques1_4.obj
c:\users\mageba\source\repos\221026899_mnguni_c\221026899_mnguni_c\x64\debug\ques1_3.obj
c:\users\mageba\source\repos\221026899_mnguni_c\221026899_mnguni_c\x64\debug\ques1_2.obj
c:\users\mageba\source\repos\221026899_mnguni_c\221026899_mnguni_c\x64\debug\ques1_1.obj
c:\users\mageba\source\repos\221026899_mnguni_c\x64\debug\221026899_mnguni_c.pdb
c:\users\mageba\source\repos\221026899_mnguni_c\221026899_mnguni_c\x64\debug\22102689.759bca27.tlog\cl.command.1.tlog
c:\users\mageba\source\repos\221026899_mnguni_c\221026899_mnguni_c\x64\debug\22102689.759bca27.tlog\cl.read.1.tlog
c:\users\mageba\source\repos\221026899_mnguni_c\221026899_mnguni_c\x64\debug\22102689.759bca27.tlog\cl.write.1.tlog
c:\users\mageba\source\repos\221026899_mnguni_c\221026899_mnguni_c\x64\debug\22102689.759bca27.tlog\link-cvtres.read.1.tlog
c:\users\mageba\source\repos\221026899_mnguni_c\221026899_mnguni_c\x64\debug\22102689.759bca27.tlog\link-cvtres.write.1.tlog
c:\users\mageba\source\repos\221026899_mnguni_c\221026899_mnguni_c\x64\debug\22102689.759bca27.tlog\link-rc.read.1.tlog
c:\users\mageba\source\repos\221026899_mnguni_c\221026899_mnguni_c\x64\debug\22102689.759bca27.tlog\link-rc.write.1.tlog
c:\users\mageba\source\repos\221026899_mnguni_c\221026899_mnguni_c\x64\debug\22102689.759bca27.tlog\link.command.1.tlog
c:\users\mageba\source\repos\221026899_mnguni_c\221026899_mnguni_c\x64\debug\22102689.759bca27.tlog\link.read.1.tlog
c:\users\mageba\source\repos\221026899_mnguni_c\221026899_mnguni_c\x64\debug\22102689.759bca27.tlog\link.read.2.tlog
c:\users\mageba\source\repos\221026899_mnguni_c\221026899_mnguni_c\x64\debug\22102689.759bca27.tlog\link.write.1.tlog
